nohup: ignoring input
Sun, 09 Oct 2016 06:45:13 GMT body-parser deprecated bodyParser: use individual json/urlencoded middlewares at app.js:44:9
Sun, 09 Oct 2016 06:45:13 GMT body-parser deprecated undefined extended: provide extended option at node_modules/body-parser/index.js:105:29
Server listening on port 3000
{ TOPClientError: Remote service error, code 15; isv.BUSINESS_LIMIT_CONTROL: 触发业务流控
    at /home/ubuntu/school_love/topClient.js:127:23
    at done (/home/ubuntu/school_love/node_modules/urllib/lib/urllib.js:440:5)
    at /home/ubuntu/school_love/node_modules/urllib/lib/urllib.js:674:9
    at decodeContent (/home/ubuntu/school_love/node_modules/urllib/lib/urllib.js:512:14)
    at IncomingMessage.<anonymous> (/home/ubuntu/school_love/node_modules/urllib/lib/urllib.js:639:7)
    at emitNone (events.js:91:20)
    at IncomingMessage.emit (events.js:185:7)
    at endReadableNT (_stream_readable.js:975:12)
    at _combinedTickCallback (internal/process/next_tick.js:74:11)
    at process._tickCallback (internal/process/next_tick.js:98:9)
  name: 'TOPClientError',
  code: 15,
  sub_code: 'isv.BUSINESS_LIMIT_CONTROL',
  data: '{"error_response":{"code":15,"msg":"Remote service error","sub_code":"isv.BUSINESS_LIMIT_CONTROL","sub_msg":"触发业务流控","request_id":"iv24we7bs1ea"}}' }
{ TOPClientError: Remote service error, code 15; isv.BUSINESS_LIMIT_CONTROL: 触发业务流控
    at /home/ubuntu/school_love/topClient.js:127:23
    at done (/home/ubuntu/school_love/node_modules/urllib/lib/urllib.js:440:5)
    at /home/ubuntu/school_love/node_modules/urllib/lib/urllib.js:674:9
    at decodeContent (/home/ubuntu/school_love/node_modules/urllib/lib/urllib.js:512:14)
    at IncomingMessage.<anonymous> (/home/ubuntu/school_love/node_modules/urllib/lib/urllib.js:639:7)
    at emitNone (events.js:91:20)
    at IncomingMessage.emit (events.js:185:7)
    at endReadableNT (_stream_readable.js:975:12)
    at _combinedTickCallback (internal/process/next_tick.js:74:11)
    at process._tickCallback (internal/process/next_tick.js:98:9)
  name: 'TOPClientError',
  code: 15,
  sub_code: 'isv.BUSINESS_LIMIT_CONTROL',
  data: '{"error_response":{"code":15,"msg":"Remote service error","sub_code":"isv.BUSINESS_LIMIT_CONTROL","sub_msg":"触发业务流控","request_id":"zqcjiaxcpoq2"}}' }
{ TOPClientError: Remote service error, code 15; isv.BUSINESS_LIMIT_CONTROL: 触发业务流控
    at /home/ubuntu/school_love/topClient.js:127:23
    at done (/home/ubuntu/school_love/node_modules/urllib/lib/urllib.js:440:5)
    at /home/ubuntu/school_love/node_modules/urllib/lib/urllib.js:674:9
    at decodeContent (/home/ubuntu/school_love/node_modules/urllib/lib/urllib.js:512:14)
    at IncomingMessage.<anonymous> (/home/ubuntu/school_love/node_modules/urllib/lib/urllib.js:639:7)
    at emitNone (events.js:91:20)
    at IncomingMessage.emit (events.js:185:7)
    at endReadableNT (_stream_readable.js:975:12)
    at _combinedTickCallback (internal/process/next_tick.js:74:11)
    at process._tickCallback (internal/process/next_tick.js:98:9)
  name: 'TOPClientError',
  code: 15,
  sub_code: 'isv.BUSINESS_LIMIT_CONTROL',
  data: '{"error_response":{"code":15,"msg":"Remote service error","sub_code":"isv.BUSINESS_LIMIT_CONTROL","sub_msg":"触发业务流控","request_id":"z2ayo2nxalik"}}' }
{ TOPClientError: Remote service error, code 15; isv.BUSINESS_LIMIT_CONTROL: 触发业务流控
    at /home/ubuntu/school_love/topClient.js:127:23
    at done (/home/ubuntu/school_love/node_modules/urllib/lib/urllib.js:440:5)
    at /home/ubuntu/school_love/node_modules/urllib/lib/urllib.js:674:9
    at decodeContent (/home/ubuntu/school_love/node_modules/urllib/lib/urllib.js:512:14)
    at IncomingMessage.<anonymous> (/home/ubuntu/school_love/node_modules/urllib/lib/urllib.js:639:7)
    at emitNone (events.js:91:20)
    at IncomingMessage.emit (events.js:185:7)
    at endReadableNT (_stream_readable.js:975:12)
    at _combinedTickCallback (internal/process/next_tick.js:74:11)
    at process._tickCallback (internal/process/next_tick.js:98:9)
  name: 'TOPClientError',
  code: 15,
  sub_code: 'isv.BUSINESS_LIMIT_CONTROL',
  data: '{"error_response":{"code":15,"msg":"Remote service error","sub_code":"isv.BUSINESS_LIMIT_CONTROL","sub_msg":"触发业务流控","request_id":"14sqfnodk22ux"}}' }
